[debug] [2024-04-28T12:02:00.780Z] ----------------------------------------------------------------------
[debug] [2024-04-28T12:02:00.782Z] Command:       /usr/local/bin/node /usr/local/bin/firebase -P mustang-tech init
[debug] [2024-04-28T12:02:00.782Z] CLI Version:   13.7.5
[debug] [2024-04-28T12:02:00.782Z] Platform:      darwin
[debug] [2024-04-28T12:02:00.783Z] Node Version:  v20.12.2
[debug] [2024-04-28T12:02:00.783Z] Time:          Sun Apr 28 2024 17:47:00 GMT+0545 (Nepal Time)
[debug] [2024-04-28T12:02:00.783Z] ----------------------------------------------------------------------
[debug] 
[debug] [2024-04-28T12:02:00.828Z] > command requires scopes: ["email","openid","https://www.googleapis.com/auth/cloudplatformprojects.readonly","https://www.googleapis.com/auth/firebase","https://www.googleapis.com/auth/cloud-platform"]
[debug] [2024-04-28T12:02:00.828Z] > authorizing via signed-in user (monkofmustang@gmail.com)
[info] 
     ######## #### ########  ######## ########     ###     ######  ########
     ##        ##  ##     ## ##       ##     ##  ##   ##  ##       ##
     ######    ##  ########  ######   ########  #########  ######  ######
     ##        ##  ##    ##  ##       ##     ## ##     ##       ## ##
     ##       #### ##     ## ######## ########  ##     ##  ######  ########

You're about to initialize a Firebase project in this directory:

  /Users/SAHA/Desktop/static/mustang-tech

Before we get started, keep in mind:

  * You are initializing within an existing Firebase project directory

[info] 
=== Project Setup
[info] 
[info] First, let's associate this project directory with a Firebase project.
[info] You can create multiple project aliases by running firebase use --add, 
[info] but for now we'll just set up a default project.
[info] 
[debug] [2024-04-28T12:02:08.219Z] Using project from CLI flag: mustang-tech
[debug] [2024-04-28T12:02:08.221Z] >>> [apiv2][query] GET https://firebase.googleapis.com/v1beta1/projects/mustang-tech [none]
[debug] [2024-04-28T12:02:09.309Z] <<< [apiv2][status] GET https://firebase.googleapis.com/v1beta1/projects/mustang-tech 403
[debug] [2024-04-28T12:02:09.309Z] <<< [apiv2][body] GET https://firebase.googleapis.com/v1beta1/projects/mustang-tech {"error":{"code":403,"message":"The caller does not have permission","status":"PERMISSION_DENIED"}}
[debug] [2024-04-28T12:02:09.310Z] HTTP Error: 403, The caller does not have permission
[debug] [2024-04-28T12:02:09.310Z] FirebaseError: HTTP Error: 403, The caller does not have permission
    at responseToError (/usr/local/lib/node_modules/firebase-tools/lib/responseToError.js:49:12)
    at RetryOperation._fn (/usr/local/lib/node_modules/firebase-tools/lib/apiv2.js:299:77)
    at process.processTicksAndRejections (node:internal/process/task_queues:95:5)
[error] 
[error] Error: Failed to get Firebase project mustang-tech. Please make sure the project exists and your account has permission to access it.
